<?xml version="1.0" encoding="UTF-8"?>
<!-- Generated by org.testng.reporters.JUnitXMLReporter -->
<testsuite ignored="1" hostname="DESKTOP-GJNVS03" failures="0" tests="1" name="Default test" time="70.209" errors="0" timestamp="2025-10-30T18:07:40 IST">
  <testcase classname="AutomationExePageScenario.PaginationWebTable" name="tableUsingTryCatch" time="70.097"/>
  <testcase classname="AutomationExePageScenario.PaginationWebTable" name="table" time="0.0">
    <ignored/>
  </testcase> <!-- table -->
</testsuite> <!-- Default test -->
