<?xml version="1.0" encoding="UTF-8"?>
<!-- Generated by org.testng.reporters.JUnitReportReporter -->
<testsuite hostname="DESKTOP-GJNVS03" failures="0" tests="3" name="pratice.testng.CreateContact_DataProviderTest" time="0.023" errors="0" timestamp="2025-04-16T15:19:27 IST" skipped="0">
  <testcase classname="pratice.testng.CreateContact_DataProviderTest" name="createContactTest" time="0.016"/>
  <system-out/>
  <testcase classname="pratice.testng.CreateContact_DataProviderTest" name="createContactTest" time="0.001"/>
  <system-out/>
  <testcase classname="pratice.testng.CreateContact_DataProviderTest" name="createContactTest" time="0.006"/>
  <system-out/>
</testsuite> <!-- pratice.testng.CreateContact_DataProviderTest -->
