<?xml version="1.0" encoding="UTF-8"?>
<testng-results ignored="0" total="1" passed="1" failed="0" skipped="0">
  <reporter-output>
  </reporter-output>
  <suite started-at="2025-12-02T15:31:26 IST" name="Default suite" finished-at="2025-12-02T15:32:15 IST" duration-ms="48200">
    <groups>
    </groups>
    <test started-at="2025-12-02T15:31:26 IST" name="Default test" finished-at="2025-12-02T15:32:15 IST" duration-ms="48200">
      <class name="AutomationExePageScenario.TestAutomationPractice">
        <test-method signature="testAuto()[pri:0, instance:AutomationExePageScenario.TestAutomationPractice@36fc695d]" started-at="2025-12-02T15:31:27 IST" name="testAuto" finished-at="2025-12-02T15:32:15 IST" duration-ms="48138" status="PASS">
          <reporter-output>
          </reporter-output>
        </test-method> <!-- testAuto -->
      </class> <!-- AutomationExePageScenario.TestAutomationPractice -->
    </test> <!-- Default test -->
  </suite> <!-- Default suite -->
</testng-results>
