<?xml version="1.0" encoding="UTF-8"?>
<testng-results ignored="1" total="2" passed="1" failed="0" skipped="0">
  <reporter-output>
  </reporter-output>
  <suite started-at="2025-10-30T18:06:30 IST" name="Default suite" finished-at="2025-10-30T18:07:40 IST" duration-ms="70209">
    <groups>
    </groups>
    <test started-at="2025-10-30T18:06:30 IST" name="Default test" finished-at="2025-10-30T18:07:40 IST" duration-ms="70209">
      <class name="AutomationExePageScenario.PaginationWebTable">
        <test-method signature="tableUsingTryCatch()[pri:0, instance:AutomationExePageScenario.PaginationWebTable@56620197]" started-at="2025-10-30T18:06:30 IST" name="tableUsingTryCatch" finished-at="2025-10-30T18:07:40 IST" duration-ms="70097" status="PASS">
          <reporter-output>
          </reporter-output>
        </test-method> <!-- tableUsingTryCatch -->
      </class> <!-- AutomationExePageScenario.PaginationWebTable -->
    </test> <!-- Default test -->
  </suite> <!-- Default suite -->
</testng-results>
